2022-05-17 08:24:41 [INFO ] org.springframework.boot.StartupInfoLogger Starting LearningCenterApplication using Java 11.0.6 on 29775c4c0bcd with PID 1 (/study-center-1.0-SNAPSHOT.jar started by root in /)
2022-05-17 08:24:41 [INFO ] org.springframework.boot.SpringApplication The following profiles are active: prod
2022-05-17 08:24:42 [INFO ] org.springframework.data.repository.config.RepositoryConfigurationDelegate Bootstrapping Spring Data JPA repositories in DEFAULT mode.
2022-05-17 08:24:42 [INFO ] org.springframework.data.repository.config.RepositoryConfigurationDelegate Finished Spring Data repository scanning in 4 ms. Found 0 JPA repository interfaces.
2022-05-17 08:24:42 [INFO ] org.springframework.data.repository.config.RepositoryConfigurationDelegate Bootstrapping Spring Data JPA repositories in DEFAULT mode.
2022-05-17 08:24:42 [INFO ] org.springframework.data.repository.config.RepositoryConfigurationDelegate Finished Spring Data repository scanning in 1 ms. Found 0 JPA repository interfaces.
2022-05-17 08:24:42 [INFO ] org.springframework.context.support.PostProcessorRegistrationDelegate$BeanPostProcessorChecker Bean 'org.springframework.ws.config.annotation.DelegatingWsConfiguration' of type [org.springframework.ws.config.annotation.DelegatingWsConfiguration$$EnhancerBySpringCGLIB$$91efbdae] is not eligible for getting processed by all BeanPostProcessors (for example: not eligible for auto-proxying)
2022-05-17 08:24:42 [INFO ] org.springframework.ws.soap.addressing.server.AbstractAddressingEndpointMapping Supporting [WS-Addressing August 2004, WS-Addressing 1.0]
2022-05-17 08:24:42 [INFO ] org.springframework.context.support.PostProcessorRegistrationDelegate$BeanPostProcessorChecker Bean 'loggingAutoConfiguration' of type [com.ilzirabalobanova.epam.learning_center.aop.LoggingAutoConfiguration$$EnhancerBySpringCGLIB$$a7e8ba64] is not eligible for getting processed by all BeanPostProcessors (for example: not eligible for auto-proxying)
2022-05-17 08:24:42 [INFO ] org.springframework.context.support.PostProcessorRegistrationDelegate$BeanPostProcessorChecker Bean 'loggingProperties' of type [com.ilzirabalobanova.epam.learning_center.aop.LoggingProperties] is not eligible for getting processed by all BeanPostProcessors (for example: not eligible for auto-proxying)
2022-05-17 08:24:42 [INFO ] org.springframework.context.support.PostProcessorRegistrationDelegate$BeanPostProcessorChecker Bean 'customPointcut' of type [com.ilzirabalobanova.epam.learning_center.aop.CustomPointcut] is not eligible for getting processed by all BeanPostProcessors (for example: not eligible for auto-proxying)
2022-05-17 08:24:42 [INFO ] org.springframework.context.support.PostProcessorRegistrationDelegate$BeanPostProcessorChecker Bean 'learningCenterLoggingAspect' of type [com.ilzirabalobanova.epam.learning_center.aop.LearningCenterLoggingAspect] is not eligible for getting processed by all BeanPostProcessors (for example: not eligible for auto-proxying)
2022-05-17 08:24:42 [INFO ] org.springframework.context.support.PostProcessorRegistrationDelegate$BeanPostProcessorChecker Bean 'defaultPointcutAdvisor' of type [org.springframework.aop.support.DefaultPointcutAdvisor] is not eligible for getting processed by all BeanPostProcessors (for example: not eligible for auto-proxying)
2022-05-17 08:24:43 [INFO ] org.springframework.boot.web.embedded.tomcat.TomcatWebServer Tomcat initialized with port(s): 8080 (http)
2022-05-17 08:24:43 [INFO ] org.apache.juli.logging.DirectJDKLog Initializing ProtocolHandler ["http-nio-8080"]
2022-05-17 08:24:43 [INFO ] org.apache.juli.logging.DirectJDKLog Starting service [Tomcat]
2022-05-17 08:24:43 [INFO ] org.apache.juli.logging.DirectJDKLog Starting Servlet engine: [Apache Tomcat/9.0.56]
2022-05-17 08:24:43 [INFO ] org.apache.juli.logging.DirectJDKLog Initializing Spring embedded WebApplicationContext
2022-05-17 08:24:43 [INFO ] org.springframework.boot.web.servlet.context.ServletWebServerApplicationContext Root WebApplicationContext: initialization completed in 1237 ms
2022-05-17 08:24:43 [WARN ] org.springframework.boot.autoconfigure.orm.jpa.JpaBaseConfiguration$JpaWebConfiguration spring.jpa.open-in-view is enabled by default. Therefore, database queries may be performed during view rendering. Explicitly configure spring.jpa.open-in-view to disable this warning
2022-05-17 08:24:43 [INFO ] org.hibernate.Version HHH000412: Hibernate ORM core version 5.6.3.Final
2022-05-17 08:24:43 [INFO ] org.hibernate.annotations.common.reflection.java.JavaReflectionManager HCANN000001: Hibernate Commons Annotations {5.1.2.Final}
2022-05-17 08:24:43 [INFO ] com.zaxxer.hikari.HikariDataSource HikariPool-1 - Starting...
2022-05-17 08:24:43 [INFO ] com.zaxxer.hikari.HikariDataSource HikariPool-1 - Start completed.
2022-05-17 08:24:44 [INFO ] org.hibernate.dialect.Dialect HHH000400: Using dialect: org.hibernate.dialect.MySQL8Dialect
2022-05-17 08:24:44 [INFO ] org.hibernate.engine.transaction.jta.platform.internal.JtaPlatformInitiator HHH000490: Using JtaPlatform implementation: [org.hibernate.engine.transaction.jta.platform.internal.NoJtaPlatform]
2022-05-17 08:24:44 [INFO ] org.springframework.ws.soap.saaj.SaajSoapMessageFactory Creating SAAJ 1.3 MessageFactory with SOAP 1.1 Protocol
2022-05-17 08:24:45 [INFO ] org.springframework.security.web.DefaultSecurityFilterChain Will secure any request with [org.springframework.security.web.context.request.async.WebAsyncManagerIntegrationFilter@2be21396, org.springframework.security.web.context.SecurityContextPersistenceFilter@5e99b9c, org.springframework.security.web.header.HeaderWriterFilter@5a936e64, org.springframework.security.web.authentication.logout.LogoutFilter@25f15f50, org.springframework.security.web.authentication.UsernamePasswordAuthenticationFilter@1bf14704, org.springframework.security.web.authentication.ui.DefaultLoginPageGeneratingFilter@73aeef7d, org.springframework.security.web.authentication.ui.DefaultLogoutPageGeneratingFilter@124dac75, org.springframework.security.web.session.ConcurrentSessionFilter@7fd987ef, org.springframework.security.web.authentication.www.BasicAuthenticationFilter@2954f6ab, org.springframework.security.web.savedrequest.RequestCacheAwareFilter@1c3259fa, org.springframework.security.web.servletapi.SecurityContextHolderAwareRequestFilter@7ddd84b5, org.springframework.security.web.authentication.AnonymousAuthenticationFilter@315105f, org.springframework.security.web.session.SessionManagementFilter@65bad087, org.springframework.security.web.access.ExceptionTranslationFilter@53b1a3f8, org.springframework.security.web.access.intercept.FilterSecurityInterceptor@b73433]
2022-05-17 08:24:45 [INFO ] org.apache.juli.logging.DirectJDKLog Starting ProtocolHandler ["http-nio-8080"]
2022-05-17 08:24:45 [INFO ] org.springframework.boot.web.embedded.tomcat.TomcatWebServer Tomcat started on port(s): 8080 (http) with context path ''
2022-05-17 08:24:45 [INFO ] org.springframework.boot.StartupInfoLogger Started LearningCenterApplication in 3.931 seconds (JVM running for 4.447)
2022-05-17 08:25:20 [INFO ] org.apache.juli.logging.DirectJDKLog Initializing Spring DispatcherServlet 'dispatcherServlet'
2022-05-17 08:25:20 [INFO ] org.springframework.web.servlet.FrameworkServlet Initializing Servlet 'dispatcherServlet'
2022-05-17 08:25:20 [INFO ] org.springframework.web.servlet.FrameworkServlet Completed initialization in 3 ms
2022-05-17 08:25:21 [INFO ] com.ilzirabalobanova.epam.learning_center.aop.LearningCenterLoggingAspect Р’РѕР·РІСЂР°С‰Р°РµРјС‹Р№ РѕР±СЉРµРєС‚ - false. РђСЂРіСѓРјРµРЅС‚С‹ РјРµС‚РѕРґР° - [100]. РЎС‚Р°СЂС‚РµСЂ
2022-05-17 08:26:44 [INFO ] com.zaxxer.hikari.HikariDataSource HikariPool-1 - Shutdown initiated...
2022-05-17 08:26:44 [INFO ] com.zaxxer.hikari.HikariDataSource HikariPool-1 - Shutdown completed.
2022-05-17 08:27:48 [INFO ] org.springframework.boot.StartupInfoLogger Starting LearningCenterApplication using Java 11.0.6 on 29775c4c0bcd with PID 1 (/study-center-1.0-SNAPSHOT.jar started by root in /)
2022-05-17 08:27:48 [INFO ] org.springframework.boot.SpringApplication The following profiles are active: prod
2022-05-17 08:27:49 [INFO ] org.springframework.data.repository.config.RepositoryConfigurationDelegate Bootstrapping Spring Data JPA repositories in DEFAULT mode.
2022-05-17 08:27:49 [INFO ] org.springframework.data.repository.config.RepositoryConfigurationDelegate Finished Spring Data repository scanning in 5 ms. Found 0 JPA repository interfaces.
2022-05-17 08:27:49 [INFO ] org.springframework.data.repository.config.RepositoryConfigurationDelegate Bootstrapping Spring Data JPA repositories in DEFAULT mode.
2022-05-17 08:27:49 [INFO ] org.springframework.data.repository.config.RepositoryConfigurationDelegate Finished Spring Data repository scanning in 1 ms. Found 0 JPA repository interfaces.
2022-05-17 08:27:49 [INFO ] org.springframework.context.support.PostProcessorRegistrationDelegate$BeanPostProcessorChecker Bean 'org.springframework.ws.config.annotation.DelegatingWsConfiguration' of type [org.springframework.ws.config.annotation.DelegatingWsConfiguration$$EnhancerBySpringCGLIB$$91efbdae] is not eligible for getting processed by all BeanPostProcessors (for example: not eligible for auto-proxying)
2022-05-17 08:27:49 [INFO ] org.springframework.ws.soap.addressing.server.AbstractAddressingEndpointMapping Supporting [WS-Addressing August 2004, WS-Addressing 1.0]
2022-05-17 08:27:49 [INFO ] org.springframework.context.support.PostProcessorRegistrationDelegate$BeanPostProcessorChecker Bean 'loggingAutoConfiguration' of type [com.ilzirabalobanova.epam.learning_center.aop.LoggingAutoConfiguration$$EnhancerBySpringCGLIB$$a7e8ba64] is not eligible for getting processed by all BeanPostProcessors (for example: not eligible for auto-proxying)
2022-05-17 08:27:49 [INFO ] org.springframework.context.support.PostProcessorRegistrationDelegate$BeanPostProcessorChecker Bean 'loggingProperties' of type [com.ilzirabalobanova.epam.learning_center.aop.LoggingProperties] is not eligible for getting processed by all BeanPostProcessors (for example: not eligible for auto-proxying)
2022-05-17 08:27:49 [INFO ] org.springframework.context.support.PostProcessorRegistrationDelegate$BeanPostProcessorChecker Bean 'customPointcut' of type [com.ilzirabalobanova.epam.learning_center.aop.CustomPointcut] is not eligible for getting processed by all BeanPostProcessors (for example: not eligible for auto-proxying)
2022-05-17 08:27:49 [INFO ] org.springframework.context.support.PostProcessorRegistrationDelegate$BeanPostProcessorChecker Bean 'learningCenterLoggingAspect' of type [com.ilzirabalobanova.epam.learning_center.aop.LearningCenterLoggingAspect] is not eligible for getting processed by all BeanPostProcessors (for example: not eligible for auto-proxying)
2022-05-17 08:27:49 [INFO ] org.springframework.context.support.PostProcessorRegistrationDelegate$BeanPostProcessorChecker Bean 'defaultPointcutAdvisor' of type [org.springframework.aop.support.DefaultPointcutAdvisor] is not eligible for getting processed by all BeanPostProcessors (for example: not eligible for auto-proxying)
2022-05-17 08:27:50 [INFO ] org.springframework.boot.web.embedded.tomcat.TomcatWebServer Tomcat initialized with port(s): 8080 (http)
2022-05-17 08:27:50 [INFO ] org.apache.juli.logging.DirectJDKLog Initializing ProtocolHandler ["http-nio-8080"]
2022-05-17 08:27:50 [INFO ] org.apache.juli.logging.DirectJDKLog Starting service [Tomcat]
2022-05-17 08:27:50 [INFO ] org.apache.juli.logging.DirectJDKLog Starting Servlet engine: [Apache Tomcat/9.0.56]
2022-05-17 08:27:50 [INFO ] org.apache.juli.logging.DirectJDKLog Initializing Spring embedded WebApplicationContext
2022-05-17 08:27:50 [INFO ] org.springframework.boot.web.servlet.context.ServletWebServerApplicationContext Root WebApplicationContext: initialization completed in 1280 ms
2022-05-17 08:27:50 [WARN ] org.springframework.boot.autoconfigure.orm.jpa.JpaBaseConfiguration$JpaWebConfiguration spring.jpa.open-in-view is enabled by default. Therefore, database queries may be performed during view rendering. Explicitly configure spring.jpa.open-in-view to disable this warning
2022-05-17 08:27:50 [INFO ] org.hibernate.Version HHH000412: Hibernate ORM core version 5.6.3.Final
2022-05-17 08:27:50 [INFO ] org.hibernate.annotations.common.reflection.java.JavaReflectionManager HCANN000001: Hibernate Commons Annotations {5.1.2.Final}
2022-05-17 08:27:50 [INFO ] com.zaxxer.hikari.HikariDataSource HikariPool-1 - Starting...
2022-05-17 08:27:50 [INFO ] com.zaxxer.hikari.HikariDataSource HikariPool-1 - Start completed.
2022-05-17 08:27:50 [INFO ] org.hibernate.dialect.Dialect HHH000400: Using dialect: org.hibernate.dialect.MySQL8Dialect
2022-05-17 08:27:51 [INFO ] org.hibernate.engine.transaction.jta.platform.internal.JtaPlatformInitiator HHH000490: Using JtaPlatform implementation: [org.hibernate.engine.transaction.jta.platform.internal.NoJtaPlatform]
2022-05-17 08:27:51 [INFO ] org.springframework.ws.soap.saaj.SaajSoapMessageFactory Creating SAAJ 1.3 MessageFactory with SOAP 1.1 Protocol
2022-05-17 08:27:52 [INFO ] org.springframework.security.web.DefaultSecurityFilterChain Will secure any request with [org.springframework.security.web.context.request.async.WebAsyncManagerIntegrationFilter@1bf14704, org.springframework.security.web.context.SecurityContextPersistenceFilter@7fd987ef, org.springframework.security.web.header.HeaderWriterFilter@53b1a3f8, org.springframework.security.web.authentication.logout.LogoutFilter@7a3b7122, org.springframework.security.web.authentication.UsernamePasswordAuthenticationFilter@58253c57, org.springframework.security.web.authentication.ui.DefaultLoginPageGeneratingFilter@6807a356, org.springframework.security.web.authentication.ui.DefaultLogoutPageGeneratingFilter@5a545b0f, org.springframework.security.web.session.ConcurrentSessionFilter@d3f4505, org.springframework.security.web.authentication.www.BasicAuthenticationFilter@7327a447, org.springframework.security.web.savedrequest.RequestCacheAwareFilter@5e99b9c, org.springframework.security.web.servletapi.SecurityContextHolderAwareRequestFilter@217bf99e, org.springframework.security.web.authentication.AnonymousAuthenticationFilter@2be21396, org.springframework.security.web.session.SessionManagementFilter@5a936e64, org.springframework.security.web.access.ExceptionTranslationFilter@38b3f208, org.springframework.security.web.access.intercept.FilterSecurityInterceptor@5b88b8e]
2022-05-17 08:27:52 [INFO ] org.apache.juli.logging.DirectJDKLog Starting ProtocolHandler ["http-nio-8080"]
2022-05-17 08:27:52 [INFO ] org.springframework.boot.web.embedded.tomcat.TomcatWebServer Tomcat started on port(s): 8080 (http) with context path ''
2022-05-17 08:27:52 [INFO ] org.springframework.boot.StartupInfoLogger Started LearningCenterApplication in 4.041 seconds (JVM running for 4.574)
